Using pre-set license
Built from '2020.3/staging' branch; Version is '2020.3.20f1 (41c4e627c95f) revision 4310246'; Using compiler version '192528614'; Build Type 'Release'
OS: 'Windows 10 Pro; OS build 19043.1266; Version 2009; 64bit' Language: 'en' Physical Memory: 8109 MB
BatchMode: 1, IsHumanControllingUs: 0, StartBugReporterOnCrash: 0, Is64bit: 1, IsPro: 0

COMMAND LINE ARGUMENTS:
C:\Program Files\Unity\Hub\Editor\2020.3.20f1\Editor\Unity.exe
-adb2
-batchMode
-noUpm
-name
AssetImportWorker0
-projectPath
C:/Users/alexi/OneDrive/Desktop/Unity Junior Programmer Pathway/Create with Code/Personal Project
-logFile
Logs/AssetImportWorker0.log
-srvPort
52949
Successfully changed project path to: C:/Users/alexi/OneDrive/Desktop/Unity Junior Programmer Pathway/Create with Code/Personal Project
C:/Users/alexi/OneDrive/Desktop/Unity Junior Programmer Pathway/Create with Code/Personal Project
Using Asset Import Pipeline V2.
Refreshing native plugins compatible for Editor in 45.76 ms, found 2 plugins.
Preloading 0 native plugins for Editor in 0.00 ms.
Initialize engine version: 2020.3.20f1 (41c4e627c95f)
[Subsystems] Discovering subsystems at path C:/Program Files/Unity/Hub/Editor/2020.3.20f1/Editor/Data/Resources/UnitySubsystems
[Subsystems] Discovering subsystems at path C:/Users/alexi/OneDrive/Desktop/Unity Junior Programmer Pathway/Create with Code/Personal Project/Assets
GfxDevice: creating device client; threaded=0
Direct3D:
    Version:  Direct3D 11.0 [level 11.1]
    Renderer: NVIDIA GeForce GTX 1050 (ID=0x1c8d)
    Vendor:   
    VRAM:     1979 MB
    Driver:   27.21.14.6140
Initialize mono
Mono path[0] = 'C:/Program Files/Unity/Hub/Editor/2020.3.20f1/Editor/Data/Managed'
Mono path[1] = 'C:/Program Files/Unity/Hub/Editor/2020.3.20f1/Editor/Data/MonoBleedingEdge/lib/mono/unityjit'
Mono config path = 'C:/Program Files/Unity/Hub/Editor/2020.3.20f1/Editor/Data/MonoBleedingEdge/etc'
Using monoOptions --debugger-agent=transport=dt_socket,embedding=1,server=y,suspend=n,address=127.0.0.1:56232
Begin MonoManager ReloadAssembly
Registering precompiled unity dll's ...
Register platform support module: C:/Program Files/Unity/Hub/Editor/2020.3.20f1/Editor/Data/PlaybackEngines/WebGLSupport/UnityEditor.WebGL.Extensions.dll
Register platform support module: C:/Program Files/Unity/Hub/Editor/2020.3.20f1/Editor/Data/PlaybackEngines/WindowsStandaloneSupport/UnityEditor.WindowsStandalone.Extensions.dll
Registered in 0.003290 seconds.
Native extension for WindowsStandalone target not found
Native extension for WebGL target not found
Refreshing native plugins compatible for Editor in 38.38 ms, found 2 plugins.
Preloading 0 native plugins for Editor in 0.00 ms.
Mono: successfully reloaded assembly
- Completed reload, in  1.652 seconds
Domain Reload Profiling:
	ReloadAssembly (1652ms)
		BeginReloadAssembly (80ms)
			ExecutionOrderSort (0ms)
			DisableScriptedObjects (0ms)
			BackupInstance (0ms)
			ReleaseScriptingObjects (0ms)
			CreateAndSetChildDomain (1ms)
		EndReloadAssembly (571ms)
			LoadAssemblies (77ms)
			RebuildTransferFunctionScriptingTraits (0ms)
			SetupTypeCache (202ms)
			ReleaseScriptCaches (0ms)
			RebuildScriptCaches (44ms)
			SetupLoadedEditorAssemblies (226ms)
				LogAssemblyErrors (0ms)
				InitializePlatformSupportModulesInManaged (8ms)
				SetLoadedEditorAssemblies (0ms)
				RefreshPlugins (38ms)
				BeforeProcessingInitializeOnLoad (18ms)
				ProcessInitializeOnLoadAttributes (122ms)
				ProcessInitializeOnLoadMethodAttributes (39ms)
				AfterProcessingInitializeOnLoad (0ms)
				EditorAssembliesLoaded (0ms)
			ExecutionOrderSort2 (0ms)
			AwakeInstancesAfterBackupRestoration (0ms)
Platform modules already initialized, skipping
Registering precompiled user dll's ...
Registered in 0.004689 seconds.
Begin MonoManager ReloadAssembly
Native extension for WindowsStandalone target not found
Native extension for WebGL target not found
Refreshing native plugins compatible for Editor in 0.36 ms, found 2 plugins.
Preloading 0 native plugins for Editor in 0.00 ms.
Mono: successfully reloaded assembly
- Completed reload, in  1.331 seconds
Domain Reload Profiling:
	ReloadAssembly (1332ms)
		BeginReloadAssembly (190ms)
			ExecutionOrderSort (0ms)
			DisableScriptedObjects (6ms)
			BackupInstance (0ms)
			ReleaseScriptingObjects (0ms)
			CreateAndSetChildDomain (24ms)
		EndReloadAssembly (1057ms)
			LoadAssemblies (111ms)
			RebuildTransferFunctionScriptingTraits (0ms)
			SetupTypeCache (356ms)
			ReleaseScriptCaches (1ms)
			RebuildScriptCaches (57ms)
			SetupLoadedEditorAssemblies (415ms)
				LogAssemblyErrors (0ms)
				InitializePlatformSupportModulesInManaged (8ms)
				SetLoadedEditorAssemblies (1ms)
				RefreshPlugins (0ms)
				BeforeProcessingInitializeOnLoad (118ms)
				ProcessInitializeOnLoadAttributes (273ms)
				ProcessInitializeOnLoadMethodAttributes (5ms)
				AfterProcessingInitializeOnLoad (9ms)
				EditorAssembliesLoaded (0ms)
			ExecutionOrderSort2 (0ms)
			AwakeInstancesAfterBackupRestoration (9ms)
Platform modules already initialized, skipping
========================================================================
Worker process is ready to serve import requests
Launched and connected shader compiler UnityShaderCompiler.exe after 0.11 seconds
Refreshing native plugins compatible for Editor in 0.38 ms, found 2 plugins.
Preloading 0 native plugins for Editor in 0.00 ms.
Unloading 1399 Unused Serialized files (Serialized files now loaded: 0)
System memory in use before: 65.4 MB.
System memory in use after: 65.5 MB.

Unloading 16 unused Assets to reduce memory usage. Loaded Objects now: 1834.
Total: 3.723800 ms (FindLiveObjects: 0.211100 ms CreateObjectMapping: 0.063100 ms MarkObjects: 3.353200 ms  DeleteObjects: 0.094800 ms)

AssetImportParameters requested are different than current active one (requested -> active):
  custom:framework-win-MediaFoundation: 216162199b28c13a410421893ffa2e32 -> 
  custom:video-decoder-ogg-theora: a1e56fd34408186e4bbccfd4996cb3dc -> 
  custom:container-muxer-webm: aa71ff27fc2769a1b78a27578f13a17b -> 
  custom:container-demuxer-webm: 4f35f7cbe854078d1ac9338744f61a02 -> 
  custom:container-demuxer-ogg: 62fdf1f143b41e24485cea50d1cbac27 -> 
  custom:video-encoder-webm-vp8: eb34c28f22e8b96e1ab97ce403110664 -> 
  custom:video-codec-MediaFoundation-h265: 746d11721c4dcdbdad8f713fa42b33f4 -> 
  custom:video-decoder-webm-vp8: 9c59270c3fd7afecdb556c50c9e8de78 -> 
  custom:audio-decoder-ogg-vorbis: bf7c407c2cedff20999df2af8eb42d56 -> 
  custom:audio-encoder-webm-vorbis: bf7c407c2cedff20999df2af8eb42d56 -> 
========================================================================
Received Import Request.
  path: Assets/Materials/New Material.mat
  artifactKey: Guid(bd0b358afeeacea4d9689d58801643fd) Importer(815301076,1909f56bfc062723c751e8b465ee728b)
Start importing Assets/Materials/New Material.mat using Guid(bd0b358afeeacea4d9689d58801643fd) Importer(815301076,1909f56bfc062723c751e8b465ee728b)  -> (artifact id: 'e2ce1690c7dd3c4f57cd35648df88503') in 0.238438 seconds 
  Import took 0.243054 seconds .

========================================================================
Received Import Request.
  Time since last request: 10.819346 seconds.
  path: Assets/Materials/Brown.mat
  artifactKey: Guid(bd0b358afeeacea4d9689d58801643fd) Importer(815301076,1909f56bfc062723c751e8b465ee728b)
Start importing Assets/Materials/Brown.mat using Guid(bd0b358afeeacea4d9689d58801643fd) Importer(815301076,1909f56bfc062723c751e8b465ee728b)  -> (artifact id: '0775d48b6cc56d0ad7c29aa9e30f5117') in 0.032083 seconds 
  Import took 0.037333 seconds .

========================================================================
Received Import Request.
  Time since last request: 99.551261 seconds.
  path: Assets/Materials/Green.mat
  artifactKey: Guid(2ed77681102d2ef42a78e5a0274f713e) Importer(815301076,1909f56bfc062723c751e8b465ee728b)
Start importing Assets/Materials/Green.mat using Guid(2ed77681102d2ef42a78e5a0274f713e) Importer(815301076,1909f56bfc062723c751e8b465ee728b)  -> (artifact id: '377fc5f5e82b15bcff84d4f49b045aaa') in 0.026182 seconds 
  Import took 0.032576 seconds .

========================================================================
Received Import Request.
  Time since last request: 89.264217 seconds.
  path: Assets/Materials/Purple.mat
  artifactKey: Guid(d18ba7fbfbbd1174c8c0121e71502e71) Importer(815301076,1909f56bfc062723c751e8b465ee728b)
Start importing Assets/Materials/Purple.mat using Guid(d18ba7fbfbbd1174c8c0121e71502e71) Importer(815301076,1909f56bfc062723c751e8b465ee728b)  -> (artifact id: 'aba5a6ff00c6e67740b53c6486fd0696') in 0.019697 seconds 
  Import took 0.024996 seconds .

========================================================================
Received Import Request.
  Time since last request: 237.305118 seconds.
  path: Assets/Materials/Brown.mat
  artifactKey: Guid(bd0b358afeeacea4d9689d58801643fd) Importer(815301076,1909f56bfc062723c751e8b465ee728b)
Start importing Assets/Materials/Brown.mat using Guid(bd0b358afeeacea4d9689d58801643fd) Importer(815301076,1909f56bfc062723c751e8b465ee728b)  -> (artifact id: 'd0e6ad29d570d884d2d3483f57aa64f1') in 0.038480 seconds 
  Import took 0.042368 seconds .

========================================================================
Received Import Request.
  Time since last request: 0.000361 seconds.
  path: Assets/Materials/Green.mat
  artifactKey: Guid(2ed77681102d2ef42a78e5a0274f713e) Importer(815301076,1909f56bfc062723c751e8b465ee728b)
Start importing Assets/Materials/Green.mat using Guid(2ed77681102d2ef42a78e5a0274f713e) Importer(815301076,1909f56bfc062723c751e8b465ee728b)  -> (artifact id: 'a8a2c09023ddbe0e8b142e24e807c024') in 0.033222 seconds 
  Import took 0.037256 seconds .

========================================================================
Received Import Request.
  Time since last request: 0.000383 seconds.
  path: Assets/Materials/Purple.mat
  artifactKey: Guid(d18ba7fbfbbd1174c8c0121e71502e71) Importer(815301076,1909f56bfc062723c751e8b465ee728b)
Start importing Assets/Materials/Purple.mat using Guid(d18ba7fbfbbd1174c8c0121e71502e71) Importer(815301076,1909f56bfc062723c751e8b465ee728b)  -> (artifact id: '6908b5b65e1f9130989a5e3ae6174c18') in 0.058918 seconds 
  Import took 0.062507 seconds .

========================================================================
Received Import Request.
  Time since last request: 176.528571 seconds.
  path: Assets/Scenes
  artifactKey: Guid(f9a4f887722ef074f8ab9c659ca58960) Importer(815301076,1909f56bfc062723c751e8b465ee728b)
Start importing Assets/Scenes using Guid(f9a4f887722ef074f8ab9c659ca58960) Importer(815301076,1909f56bfc062723c751e8b465ee728b)  -> (artifact id: 'bc27959d65c341a566eabf03bad623c6') in 0.008614 seconds 
  Import took 0.012287 seconds .

========================================================================
Received Import Request.
  Time since last request: 0.054665 seconds.
  path: Assets/Scenes/My Game.unity
  artifactKey: Guid(9fc0d4010bbf28b4594072e72b8655ab) Importer(815301076,1909f56bfc062723c751e8b465ee728b)
Start importing Assets/Scenes/My Game.unity using Guid(9fc0d4010bbf28b4594072e72b8655ab) Importer(815301076,1909f56bfc062723c751e8b465ee728b)  -> (artifact id: 'd52c7b00f20a71fad1417b0933163737') in 0.240077 seconds 
  Import took 0.242719 seconds .

AssetImportWorkerClient::OnTransportError - code=2 error=End of file
